app/k9mail/build/intermediates/manifest_merge_blame_file/debug/manifest-merger-blame-debug-report.txt
1<?xml version="1.0" encoding="utf-8"?>
2<manifest xmlns:android="http://schemas.android.com/apk/res/android"
3    package="com.fsck.k9.debug"
4    android:installLocation="auto"
5    android:versionCode="37011"
6    android:versionName="1.0" >
7
8    <uses-sdk
9        android:minSdkVersion="21"
10        android:targetSdkVersion="31" />
11
12    <uses-feature
12-->src\main\AndroidManifest.xml:7:5-9:35
13        android:name="android.hardware.touchscreen"
13-->src\main\AndroidManifest.xml:8:9-52
14        android:required="false" />
14-->src\main\AndroidManifest.xml:9:9-33
15
16    <supports-screens
16-->src\main\AndroidManifest.xml:11:5-15:38
17        android:anyDensity="true"
17-->src\main\AndroidManifest.xml:12:9-34
18        android:largeScreens="true"
18-->src\main\AndroidManifest.xml:13:9-36
19        android:normalScreens="true"
19-->src\main\AndroidManifest.xml:14:9-37
20        android:smallScreens="true" />
20-->src\main\AndroidManifest.xml:15:9-36
21
22    <uses-permission android:name="android.permission.RECEIVE_BOOT_COMPLETED" />
22-->src\main\AndroidManifest.xml:17:5-80
22-->src\main\AndroidManifest.xml:17:22-78
23    <uses-permission android:name="android.permission.READ_CONTACTS" />
23-->src\main\AndroidManifest.xml:18:5-71
23-->src\main\AndroidManifest.xml:18:22-69
24    <uses-permission android:name="android.permission.READ_SYNC_SETTINGS" />
24-->src\main\AndroidManifest.xml:19:5-76
24-->src\main\AndroidManifest.xml:19:22-74
25    <uses-permission android:name="android.permission.ACCESS_NETWORK_STATE" />
25-->src\main\AndroidManifest.xml:21:5-78
25-->src\main\AndroidManifest.xml:21:22-76
26    <uses-permission android:name="android.permission.INTERNET" />
26-->src\main\AndroidManifest.xml:22:5-66
26-->src\main\AndroidManifest.xml:22:22-64
27    <uses-permission android:name="android.permission.VIBRATE" />
27-->src\main\AndroidManifest.xml:23:5-65
27-->src\main\AndroidManifest.xml:23:22-63
28    <uses-permission android:name="android.permission.WAKE_LOCK" />
28-->src\main\AndroidManifest.xml:24:5-67
28-->src\main\AndroidManifest.xml:24:22-65
29    <uses-permission android:name="android.permission.FOREGROUND_SERVICE" />
29-->src\main\AndroidManifest.xml:25:5-76
29-->src\main\AndroidManifest.xml:25:22-74
30    <uses-permission android:name="android.permission.SCHEDULE_EXACT_ALARM" />
30-->src\main\AndroidManifest.xml:26:5-78
30-->src\main\AndroidManifest.xml:26:22-76
31
32    <queries>
32-->[:app:ui:legacy] AndroidManifest.xml:9:5-49:15
33        <intent>
33-->[:app:ui:legacy] AndroidManifest.xml:10:9-19:18
34
35            <!-- Used to check whether to display the "Add from Contacts" menu item in the compose screen -->
36            <action android:name="android.intent.action.PICK" />
36-->[:app:ui:legacy] AndroidManifest.xml:13:13-65
36-->[:app:ui:legacy] AndroidManifest.xml:13:21-62
37
38            <data
39                android:host="com.android.contacts"
39-->src\main\AndroidManifest.xml:155:21-44
40                android:mimeType="*/*"
40-->src\main\AndroidManifest.xml:176:23-45
41                android:scheme="content" />
41-->src\main\AndroidManifest.xml:156:21-44
42        </intent>
43        <intent>
43-->[:app:ui:legacy] AndroidManifest.xml:20:9-28:18
44
45            <!-- Used by AttachmentController to find the best Intent to view an attachment -->
46            <action android:name="android.intent.action.VIEW" />
46-->src\main\AndroidManifest.xml:153:17-68
46-->src\main\AndroidManifest.xml:153:25-66
47
48            <data
49                android:mimeType="*/*"
49-->src\main\AndroidManifest.xml:176:23-45
50                android:scheme="content" />
50-->src\main\AndroidManifest.xml:156:21-44
51        </intent>
52        <intent>
52-->[:app:ui:legacy] AndroidManifest.xml:29:9-33:18
53
54            <!-- Used by the OpenPGP API -->
55            <action android:name="org.openintents.openpgp.IOpenPgpService2" />
55-->[:app:ui:legacy] AndroidManifest.xml:32:13-79
55-->[:app:ui:legacy] AndroidManifest.xml:32:21-76
56        </intent>
57        <intent>
57-->[:app:ui:legacy] AndroidManifest.xml:34:9-43:18
58
59            <!-- Used by OpenPgpAppSelectDialog -->
60            <action android:name="android.intent.action.VIEW" />
60-->src\main\AndroidManifest.xml:153:17-68
60-->src\main\AndroidManifest.xml:153:25-66
61
62            <data
63                android:host="details"
63-->src\main\AndroidManifest.xml:155:21-44
64                android:mimeType="*/*"
64-->src\main\AndroidManifest.xml:176:23-45
65                android:scheme="market" />
65-->src\main\AndroidManifest.xml:156:21-44
66        </intent>
67        <intent>
67-->[:app:ui:legacy] AndroidManifest.xml:44:9-48:18
68
69            <!-- Used by OpenPgpAppSelectDialog -->
70            <action android:name="org.openintents.openpgp.IOpenPgpService" />
70-->[:app:ui:legacy] AndroidManifest.xml:47:13-78
70-->[:app:ui:legacy] AndroidManifest.xml:47:21-75
71        </intent>
72        <intent>
72-->[net.openid:appauth:0.11.1] AndroidManifest.xml:25:9-31:18
73            <action android:name="android.intent.action.VIEW" />
73-->src\main\AndroidManifest.xml:153:17-68
73-->src\main\AndroidManifest.xml:153:25-66
74
75            <category android:name="android.intent.category.BROWSABLE" />
75-->src\main\AndroidManifest.xml:189:17-77
75-->src\main\AndroidManifest.xml:189:27-75
76
77            <data android:scheme="https" />
77-->src\main\AndroidManifest.xml:156:21-44
78        </intent>
79    </queries>
80
81    <uses-permission android:name="android.permission.USE_BIOMETRIC" /> <!-- suppress DeprecatedClassUsageInspection -->
81-->[androidx.biometric:biometric:1.1.0] AndroidManifest.xml:24:5-72
81-->[androidx.biometric:biometric:1.1.0] AndroidManifest.xml:24:22-69
82    <uses-permission android:name="android.permission.USE_FINGERPRINT" />
82-->[androidx.biometric:biometric:1.1.0] AndroidManifest.xml:27:5-74
82-->[androidx.biometric:biometric:1.1.0] AndroidManifest.xml:27:22-71
83
84    <permission
84-->[androidx.core:core:1.12.0] AndroidManifest.xml:22:5-24:47
85        android:name="com.fsck.k9.debug.DYNAMIC_RECEIVER_NOT_EXPORTED_PERMISSION"
85-->[androidx.core:core:1.12.0] AndroidManifest.xml:23:9-81
86        android:protectionLevel="signature" />
86-->[androidx.core:core:1.12.0] AndroidManifest.xml:24:9-44
87
88    <uses-permission android:name="com.fsck.k9.debug.DYNAMIC_RECEIVER_NOT_EXPORTED_PERMISSION" />
88-->[androidx.core:core:1.12.0] AndroidManifest.xml:26:5-97
88-->[androidx.core:core:1.12.0] AndroidManifest.xml:26:22-94
89
90    <application
90-->src\main\AndroidManifest.xml:28:5-406:19
91        android:name="com.fsck.k9.App"
91-->src\main\AndroidManifest.xml:29:9-39
92        android:allowBackup="false"
92-->src\main\AndroidManifest.xml:37:9-36
93        android:allowTaskReparenting="false"
93-->src\main\AndroidManifest.xml:30:9-45
94        android:appComponentFactory="androidx.core.app.CoreComponentFactory"
94-->[androidx.core:core:1.12.0] AndroidManifest.xml:28:18-86
95        android:dataExtractionRules="@xml/data_extraction_rules"
95-->src\main\AndroidManifest.xml:42:9-65
96        android:debuggable="true"
97        android:extractNativeLibs="true"
98        android:hasFragileUserData="false"
98-->src\main\AndroidManifest.xml:39:9-43
99        android:icon="@drawable/ic_launcher"
99-->src\main\AndroidManifest.xml:33:9-45
100        android:label="@string/app_name"
100-->src\main\AndroidManifest.xml:34:9-41
101        android:networkSecurityConfig="@xml/network_security_config"
101-->src\main\AndroidManifest.xml:32:9-69
102        android:resizeableActivity="true"
102-->src\main\AndroidManifest.xml:36:9-42
103        android:supportsRtl="true"
103-->src\main\AndroidManifest.xml:38:9-35
104        android:testOnly="true"
105        android:theme="@style/Theme.K9.Startup"
105-->src\main\AndroidManifest.xml:35:9-48
106        android:usesCleartextTraffic="true" >
106-->src\main\AndroidManifest.xml:31:9-44
107        <meta-data
107-->src\main\AndroidManifest.xml:44:9-46:58
108            android:name="android.app.default_searchable"
108-->src\main\AndroidManifest.xml:45:13-58
109            android:value="com.fsck.k9.activity.Search" />
109-->src\main\AndroidManifest.xml:46:13-56
110
111        <!-- TODO: Remove once minSdkVersion has been changed to 24+ -->
112        <meta-data
112-->src\main\AndroidManifest.xml:49:9-51:35
113            android:name="com.lge.support.SPLIT_WINDOW"
113-->src\main\AndroidManifest.xml:50:13-56
114            android:value="true" />
114-->src\main\AndroidManifest.xml:51:13-33
115
116        <uses-library
116-->src\main\AndroidManifest.xml:52:9-54:39
117            android:name="com.sec.android.app.multiwindow"
117-->src\main\AndroidManifest.xml:53:13-59
118            android:required="false" />
118-->src\main\AndroidManifest.xml:54:13-37
119
120        <meta-data
120-->src\main\AndroidManifest.xml:55:9-57:35
121            android:name="com.sec.android.support.multiwindow"
121-->src\main\AndroidManifest.xml:56:13-63
122            android:value="true" />
122-->src\main\AndroidManifest.xml:57:13-33
123        <meta-data
123-->src\main\AndroidManifest.xml:58:9-60:35
124            android:name="com.samsung.android.sdk.multiwindow.penwindow.enable"
124-->src\main\AndroidManifest.xml:59:13-80
125            android:value="true" />
125-->src\main\AndroidManifest.xml:60:13-33
126        <meta-data
126-->src\main\AndroidManifest.xml:61:9-62:36
127            android:name="android.webkit.WebView.MetricsOptOut"
127-->src\main\AndroidManifest.xml:61:20-71
128            android:value="true" />
128-->src\main\AndroidManifest.xml:62:13-33
129
130        <activity
130-->src\main\AndroidManifest.xml:64:9-68:15
131            android:name="com.fsck.k9.ui.settings.account.OpenPgpAppSelectDialog"
131-->src\main\AndroidManifest.xml:65:13-71
132            android:configChanges="locale"
132-->src\main\AndroidManifest.xml:66:13-43
133            android:theme="@style/Theme.K9.Dialog.Translucent.DayNight" />
133-->src\main\AndroidManifest.xml:67:13-72
134        <activity
134-->src\main\AndroidManifest.xml:70:9-73:71
135            android:name="com.fsck.k9.activity.setup.AccountSetupAccountType"
135-->src\main\AndroidManifest.xml:71:13-67
136            android:configChanges="locale"
136-->src\main\AndroidManifest.xml:72:13-43
137            android:label="@string/account_setup_account_type_title" />
137-->src\main\AndroidManifest.xml:73:13-69
138        <activity
138-->src\main\AndroidManifest.xml:75:9-78:67
139            android:name="com.fsck.k9.activity.setup.AccountSetupIncoming"
139-->src\main\AndroidManifest.xml:76:13-64
140            android:configChanges="locale"
140-->src\main\AndroidManifest.xml:77:13-43
141            android:label="@string/account_setup_incoming_title" />
141-->src\main\AndroidManifest.xml:78:13-65
142        <activity
142-->src\main\AndroidManifest.xml:80:9-83:73
143            android:name="com.fsck.k9.activity.setup.AccountSetupComposition"
143-->src\main\AndroidManifest.xml:81:13-67
144            android:configChanges="locale"
144-->src\main\AndroidManifest.xml:82:13-43
145            android:label="@string/account_settings_composition_title" />
145-->src\main\AndroidManifest.xml:83:13-71
146        <activity
146-->src\main\AndroidManifest.xml:85:9-88:67
147            android:name="com.fsck.k9.activity.setup.AccountSetupOutgoing"
147-->src\main\AndroidManifest.xml:86:13-64
148            android:configChanges="locale"
148-->src\main\AndroidManifest.xml:87:13-43
149            android:label="@string/account_setup_outgoing_title" />
149-->src\main\AndroidManifest.xml:88:13-65
150        <activity
150-->src\main\AndroidManifest.xml:90:9-94:40
151            android:name="com.fsck.k9.activity.ChooseAccount"
151-->src\main\AndroidManifest.xml:91:13-51
152            android:configChanges="locale"
152-->src\main\AndroidManifest.xml:92:13-43
153            android:label="@string/choose_account_title"
153-->src\main\AndroidManifest.xml:93:13-57
154            android:noHistory="true" />
154-->src\main\AndroidManifest.xml:94:13-37
155        <activity
155-->src\main\AndroidManifest.xml:96:9-100:40
156            android:name="com.fsck.k9.ui.choosefolder.ChooseFolderActivity"
156-->src\main\AndroidManifest.xml:97:13-65
157            android:configChanges="locale"
157-->src\main\AndroidManifest.xml:98:13-43
158            android:label="@string/choose_folder_title"
158-->src\main\AndroidManifest.xml:99:13-56
159            android:noHistory="true" />
159-->src\main\AndroidManifest.xml:100:13-37
160        <activity
160-->src\main\AndroidManifest.xml:102:9-105:61
161            android:name="com.fsck.k9.activity.ChooseIdentity"
161-->src\main\AndroidManifest.xml:103:13-52
162            android:configChanges="locale"
162-->src\main\AndroidManifest.xml:104:13-43
163            android:label="@string/choose_identity_title" />
163-->src\main\AndroidManifest.xml:105:13-58
164        <activity
164-->src\main\AndroidManifest.xml:107:9-110:62
165            android:name="com.fsck.k9.activity.ManageIdentities"
165-->src\main\AndroidManifest.xml:108:13-54
166            android:configChanges="locale"
166-->src\main\AndroidManifest.xml:109:13-43
167            android:label="@string/manage_identities_title" />
167-->src\main\AndroidManifest.xml:110:13-60
168        <activity
168-->src\main\AndroidManifest.xml:112:9-115:58
169            android:name="com.fsck.k9.activity.EditIdentity"
169-->src\main\AndroidManifest.xml:113:13-50
170            android:configChanges="locale"
170-->src\main\AndroidManifest.xml:114:13-43
171            android:label="@string/edit_identity_title" />
171-->src\main\AndroidManifest.xml:115:13-56
172        <activity
172-->src\main\AndroidManifest.xml:117:9-122:74
173            android:name="com.fsck.k9.ui.notification.DeleteConfirmationActivity"
173-->src\main\AndroidManifest.xml:118:13-71
174            android:excludeFromRecents="true"
174-->src\main\AndroidManifest.xml:119:13-46
175            android:launchMode="singleTop"
175-->src\main\AndroidManifest.xml:120:13-43
176            android:taskAffinity=""
176-->src\main\AndroidManifest.xml:121:13-36
177            android:theme="@style/Theme.K9.Dialog.Translucent.DayNight" />
177-->src\main\AndroidManifest.xml:122:13-72
178
179        <!--
180             XXX Note: this activity is hacked to ignore config changes,
181             since it doesn't currently handle them correctly in code.
182        -->
183        <activity
183-->src\main\AndroidManifest.xml:126:9-129:73
184            android:name="com.fsck.k9.activity.setup.AccountSetupCheckSettings"
184-->src\main\AndroidManifest.xml:127:13-69
185            android:configChanges="keyboardHidden|orientation|locale"
185-->src\main\AndroidManifest.xml:128:13-70
186            android:label="@string/account_setup_check_settings_title" />
186-->src\main\AndroidManifest.xml:129:13-71
187        <activity
187-->src\main\AndroidManifest.xml:131:9-135:15
188            android:name="com.fsck.k9.ui.endtoend.AutocryptKeyTransferActivity"
188-->src\main\AndroidManifest.xml:132:13-69
189            android:configChanges="locale"
189-->src\main\AndroidManifest.xml:133:13-43
190            android:label="@string/ac_transfer_title" />
190-->src\main\AndroidManifest.xml:134:13-54
191        <activity
191-->src\main\AndroidManifest.xml:137:9-159:20
192            android:name="com.fsck.k9.activity.MessageList"
192-->src\main\AndroidManifest.xml:138:13-49
193            android:exported="true"
193-->src\main\AndroidManifest.xml:140:13-36
194            android:launchMode="singleTop" >
194-->src\main\AndroidManifest.xml:139:13-43
195            <intent-filter>
195-->src\main\AndroidManifest.xml:141:13-151:29
196                <action android:name="android.intent.action.MAIN" />
196-->src\main\AndroidManifest.xml:142:17-68
196-->src\main\AndroidManifest.xml:142:25-66
197
198                <category android:name="android.intent.category.DEFAULT" />
198-->src\main\AndroidManifest.xml:144:17-75
198-->src\main\AndroidManifest.xml:144:27-73
199                <category android:name="android.intent.category.LAUNCHER" />
199-->src\main\AndroidManifest.xml:145:17-76
199-->src\main\AndroidManifest.xml:145:27-74
200                <category android:name="android.intent.category.APP_EMAIL" />
200-->src\main\AndroidManifest.xml:146:17-77
200-->src\main\AndroidManifest.xml:146:27-75
201
202                <!-- TODO: Remove once minSdkVersion has been changed to 24+ -->
203                <category android:name="android.intent.category.MULTIWINDOW_LAUNCHER" />
203-->src\main\AndroidManifest.xml:149:17-88
203-->src\main\AndroidManifest.xml:149:27-86
204                <category android:name="android.intent.category.PENWINDOW_LAUNCHER" />
204-->src\main\AndroidManifest.xml:150:17-86
204-->src\main\AndroidManifest.xml:150:27-84
205            </intent-filter>
206            <intent-filter>
206-->src\main\AndroidManifest.xml:152:13-158:29
207                <action android:name="android.intent.action.VIEW" />
207-->src\main\AndroidManifest.xml:153:17-68
207-->src\main\AndroidManifest.xml:153:25-66
208
209                <data
210                    android:host="messages"
210-->src\main\AndroidManifest.xml:155:21-44
211                    android:scheme="k9mail" />
211-->src\main\AndroidManifest.xml:156:21-44
212
213                <category android:name="android.intent.category.DEFAULT" />
213-->src\main\AndroidManifest.xml:144:17-75
213-->src\main\AndroidManifest.xml:144:27-73
214            </intent-filter>
215        </activity>
216
217<!--         This component is disabled by default. It will be enabled programmatically after an account has been set up. -->
218        <activity
218-->src\main\AndroidManifest.xml:164:9-195:20
219            android:name="com.fsck.k9.activity.MessageCompose"
219-->src\main\AndroidManifest.xml:165:13-52
220            android:configChanges="locale"
220-->src\main\AndroidManifest.xml:166:13-43
221            android:enabled="false"
221-->src\main\AndroidManifest.xml:167:13-36
222            android:exported="true" >
222-->src\main\AndroidManifest.xml:168:13-36
223            <intent-filter>
223-->src\main\AndroidManifest.xml:169:13-173:29
224                <action android:name="android.intent.action.SENDTO" />
224-->src\main\AndroidManifest.xml:170:17-70
224-->src\main\AndroidManifest.xml:170:25-68
225
226                <data android:scheme="mailto" />
226-->src\main\AndroidManifest.xml:156:21-44
227
228                <category android:name="android.intent.category.DEFAULT" />
228-->src\main\AndroidManifest.xml:144:17-75
228-->src\main\AndroidManifest.xml:144:27-73
229            </intent-filter>
230            <intent-filter>
230-->src\main\AndroidManifest.xml:174:13-178:29
231                <action android:name="android.intent.action.SEND" />
231-->src\main\AndroidManifest.xml:175:17-68
231-->src\main\AndroidManifest.xml:175:25-66
232
233                <data android:mimeType="*/*" />
233-->src\main\AndroidManifest.xml:176:23-45
234
235                <category android:name="android.intent.category.DEFAULT" />
235-->src\main\AndroidManifest.xml:144:17-75
235-->src\main\AndroidManifest.xml:144:27-73
236            </intent-filter>
237            <intent-filter>
237-->src\main\AndroidManifest.xml:179:13-183:29
238                <action android:name="android.intent.action.SEND_MULTIPLE" />
238-->src\main\AndroidManifest.xml:180:17-77
238-->src\main\AndroidManifest.xml:180:25-75
239
240                <data android:mimeType="*/*" />
240-->src\main\AndroidManifest.xml:176:23-45
241
242                <category android:name="android.intent.category.DEFAULT" />
242-->src\main\AndroidManifest.xml:144:17-75
242-->src\main\AndroidManifest.xml:144:27-73
243            </intent-filter>
244            <intent-filter>
244-->src\main\AndroidManifest.xml:184:13-190:29
245                <action android:name="android.intent.action.VIEW" />
245-->src\main\AndroidManifest.xml:153:17-68
245-->src\main\AndroidManifest.xml:153:25-66
246
247                <data android:scheme="mailto" />
247-->src\main\AndroidManifest.xml:156:21-44
248
249                <category android:name="android.intent.category.DEFAULT" />
249-->src\main\AndroidManifest.xml:144:17-75
249-->src\main\AndroidManifest.xml:144:27-73
250                <category android:name="android.intent.category.BROWSABLE" />
250-->src\main\AndroidManifest.xml:189:17-77
250-->src\main\AndroidManifest.xml:189:27-75
251            </intent-filter>
252            <intent-filter>
252-->src\main\AndroidManifest.xml:191:13-194:29
253                <action android:name="org.autocrypt.PEER_ACTION" />
253-->src\main\AndroidManifest.xml:192:17-67
253-->src\main\AndroidManifest.xml:192:25-65
254
255                <category android:name="android.intent.category.DEFAULT" />
255-->src\main\AndroidManifest.xml:144:17-75
255-->src\main\AndroidManifest.xml:144:27-73
256            </intent-filter>
257        </activity>
258
259        <!-- Search Activity - searchable -->
260        <activity
260-->src\main\AndroidManifest.xml:198:9-211:20
261            android:name="com.fsck.k9.activity.Search"
261-->src\main\AndroidManifest.xml:199:13-44
262            android:configChanges="locale"
262-->src\main\AndroidManifest.xml:200:13-43
263            android:exported="true"
263-->src\main\AndroidManifest.xml:203:13-36
264            android:label="@string/search_action"
264-->src\main\AndroidManifest.xml:201:13-50
265            android:uiOptions="splitActionBarWhenNarrow" >
265-->src\main\AndroidManifest.xml:202:13-57
266            <intent-filter>
266-->src\main\AndroidManifest.xml:204:13-207:29
267                <action android:name="android.intent.action.SEARCH" />
267-->src\main\AndroidManifest.xml:205:17-70
267-->src\main\AndroidManifest.xml:205:25-68
268
269                <category android:name="android.intent.category.DEFAULT" />
269-->src\main\AndroidManifest.xml:144:17-75
269-->src\main\AndroidManifest.xml:144:27-73
270            </intent-filter>
271
272            <meta-data
272-->src\main\AndroidManifest.xml:208:13-210:53
273                android:name="android.app.searchable"
273-->src\main\AndroidManifest.xml:209:17-54
274                android:resource="@xml/searchable" />
274-->src\main\AndroidManifest.xml:210:17-51
275        </activity>
276
277<!--         This component is disabled by default. It will be enabled programmatically after an account has been set up. -->
278        <activity
278-->src\main\AndroidManifest.xml:216:9-226:20
279            android:name="com.fsck.k9.activity.LauncherShortcuts"
279-->src\main\AndroidManifest.xml:217:13-55
280            android:configChanges="locale"
280-->src\main\AndroidManifest.xml:218:13-43
281            android:enabled="false"
281-->src\main\AndroidManifest.xml:220:13-36
282            android:exported="true"
282-->src\main\AndroidManifest.xml:221:13-36
283            android:label="@string/shortcuts_title" >
283-->src\main\AndroidManifest.xml:219:13-52
284            <intent-filter>
284-->src\main\AndroidManifest.xml:222:13-225:29
285                <action android:name="android.intent.action.CREATE_SHORTCUT" />
285-->src\main\AndroidManifest.xml:223:17-79
285-->src\main\AndroidManifest.xml:223:25-77
286
287                <category android:name="android.intent.category.DEFAULT" />
287-->src\main\AndroidManifest.xml:144:17-75
287-->src\main\AndroidManifest.xml:144:27-73
288            </intent-filter>
289        </activity>
290        <activity
290-->src\main\AndroidManifest.xml:228:9-234:20
291            android:name="com.fsck.k9.widget.unread.UnreadWidgetConfigurationActivity"
291-->src\main\AndroidManifest.xml:229:13-76
292            android:exported="false" >
292-->src\main\AndroidManifest.xml:230:13-37
293            <intent-filter>
293-->src\main\AndroidManifest.xml:231:13-233:29
294                <action android:name="android.appwidget.action.APPWIDGET_CONFIGURE" />
294-->src\main\AndroidManifest.xml:232:17-86
294-->src\main\AndroidManifest.xml:232:25-84
295            </intent-filter>
296        </activity>
297        <activity
297-->src\main\AndroidManifest.xml:236:9-238:62
298            android:name="com.fsck.k9.activity.UpgradeDatabases"
298-->src\main\AndroidManifest.xml:237:13-54
299            android:label="@string/upgrade_databases_title" />
299-->src\main\AndroidManifest.xml:238:13-60
300        <activity
300-->src\main\AndroidManifest.xml:240:9-242:54
301            android:name="com.fsck.k9.ui.managefolders.ManageFoldersActivity"
301-->src\main\AndroidManifest.xml:241:13-67
302            android:label="@string/folders_action" />
302-->src\main\AndroidManifest.xml:242:13-51
303        <activity
303-->src\main\AndroidManifest.xml:244:9-246:51
304            android:name="com.fsck.k9.ui.settings.SettingsActivity"
304-->src\main\AndroidManifest.xml:245:13-57
305            android:label="@string/prefs_title" />
305-->src\main\AndroidManifest.xml:246:13-48
306        <activity
306-->src\main\AndroidManifest.xml:248:9-250:62
307            android:name="com.fsck.k9.ui.settings.general.GeneralSettingsActivity"
307-->src\main\AndroidManifest.xml:249:13-72
308            android:label="@string/general_settings_title" />
308-->src\main\AndroidManifest.xml:250:13-59
309        <activity
309-->src\main\AndroidManifest.xml:252:9-254:66
310            android:name="com.fsck.k9.ui.settings.account.AccountSettingsActivity"
310-->src\main\AndroidManifest.xml:253:13-72
311            android:label="@string/account_settings_title_fmt" />
311-->src\main\AndroidManifest.xml:254:13-63
312        <activity
312-->src\main\AndroidManifest.xml:256:9-258:59
313            android:name="com.fsck.k9.ui.messagesource.MessageSourceActivity"
313-->src\main\AndroidManifest.xml:257:13-67
314            android:label="@string/show_headers_action" />
314-->src\main\AndroidManifest.xml:258:13-56
315        <activity
315-->src\main\AndroidManifest.xml:260:9-262:70
316            android:name="com.fsck.k9.ui.changelog.RecentChangesActivity"
316-->src\main\AndroidManifest.xml:261:13-63
317            android:label="@string/changelog_recent_changes_title" />
317-->src\main\AndroidManifest.xml:262:13-67
318        <activity
319            android:name="com.fsck.k9.ui.push.PushInfoActivity"
319-->src\main\AndroidManifest.xml:265:13-53
320            android:excludeFromRecents="true"
320-->src\main\AndroidManifest.xml:266:13-46
321            android:exported="false"
321-->src\main\AndroidManifest.xml:267:13-37
322            android:label="@string/push_info_title"
322-->src\main\AndroidManifest.xml:268:13-52
323            android:taskAffinity="com.fsck.k9.debug.push_info" >
323-->src\main\AndroidManifest.xml:269:13-62
324            <intent-filter>
324-->src\main\AndroidManifest.xml:270:13-273:29
325                <action android:name="app.k9mail.action.PUSH_INFO" />
325-->src\main\AndroidManifest.xml:271:17-70
325-->src\main\AndroidManifest.xml:271:25-67
326
327                <category android:name="android.intent.category.DEFAULT" />
327-->src\main\AndroidManifest.xml:144:17-75
327-->src\main\AndroidManifest.xml:144:27-73
328            </intent-filter>
329        </activity>
330        <activity
330-->src\main\AndroidManifest.xml:276:9-278:66
331            android:name="com.fsck.k9.activity.setup.OAuthFlowActivity"
331-->src\main\AndroidManifest.xml:277:13-61
332            android:label="@string/account_setup_basics_title" />
332-->src\main\AndroidManifest.xml:278:13-63
333
334        <!-- This component is disabled by default (if possible). It will be enabled programmatically if necessary. -->
335        <receiver
335-->src\main\AndroidManifest.xml:281:9-293:20
336            android:name="com.fsck.k9.provider.UnreadWidgetProvider"
336-->src\main\AndroidManifest.xml:282:13-58
337            android:enabled="@bool/home_screen_widgets_enabled"
337-->src\main\AndroidManifest.xml:285:13-64
338            android:exported="false"
338-->src\main\AndroidManifest.xml:286:13-37
339            android:icon="@drawable/ic_launcher"
339-->src\main\AndroidManifest.xml:283:13-49
340            android:label="@string/unread_widget_label" >
340-->src\main\AndroidManifest.xml:284:13-56
341            <intent-filter>
341-->src\main\AndroidManifest.xml:287:13-289:29
342                <action android:name="android.appwidget.action.APPWIDGET_UPDATE" />
342-->src\main\AndroidManifest.xml:288:17-83
342-->src\main\AndroidManifest.xml:288:25-81
343            </intent-filter>
344
345            <meta-data
345-->src\main\AndroidManifest.xml:290:13-292:61
346                android:name="android.appwidget.provider"
346-->src\main\AndroidManifest.xml:291:17-58
347                android:resource="@xml/unread_widget_info" />
347-->src\main\AndroidManifest.xml:292:17-59
348        </receiver>
349
350        <!-- This component is disabled by default (if possible). It will be enabled programmatically if necessary. -->
351        <receiver
351-->src\main\AndroidManifest.xml:296:9-308:20
352            android:name="com.fsck.k9.widget.list.MessageListWidgetProvider"
352-->src\main\AndroidManifest.xml:297:13-66
353            android:enabled="@bool/home_screen_widgets_enabled"
353-->src\main\AndroidManifest.xml:300:13-64
354            android:exported="false"
354-->src\main\AndroidManifest.xml:301:13-37
355            android:icon="@drawable/message_list_widget_preview"
355-->src\main\AndroidManifest.xml:298:13-65
356            android:label="@string/mail_list_widget_text" >
356-->src\main\AndroidManifest.xml:299:13-58
357            <intent-filter>
357-->src\main\AndroidManifest.xml:287:13-289:29
358                <action android:name="android.appwidget.action.APPWIDGET_UPDATE" />
358-->src\main\AndroidManifest.xml:288:17-83
358-->src\main\AndroidManifest.xml:288:25-81
359            </intent-filter>
360
361            <meta-data
361-->src\main\AndroidManifest.xml:290:13-292:61